Flow report for mc8051_top_
Wed Oct 13 18:42:26 2004
Version 4.1 Build 208 09/10/2004 Service Pack 2 SJ Full Version


---------------------
; Table of Contents ;
---------------------
  1. Legal Notice
  2. Flow Summary
  3. Flow Settings
  4. Flow Elapsed Time
  5. Flow Log



----------------
; Legal Notice ;
----------------
Copyright (C) 1991-2004 Altera Corporation
Any  megafunction  design,  and related netlist (encrypted  or  decrypted),
support information,  device programming or simulation file,  and any other
associated  documentation or information  provided by  Altera  or a partner
under  Altera's   Megafunction   Partnership   Program  may  be  used  only
to program  PLD  devices (but not masked  PLD  devices) from  Altera.   Any
other  use  of such  megafunction  design,  netlist,  support  information,
device programming or simulation file,  or any other  related documentation
or information  is prohibited  for  any  other purpose,  including, but not
limited to  modification,  reverse engineering,  de-compiling, or use  with
any other  silicon devices,  unless such use is  explicitly  licensed under
a separate agreement with  Altera  or a megafunction partner.  Title to the
intellectual property,  including patents,  copyrights,  trademarks,  trade
secrets,  or maskworks,  embodied in any such megafunction design, netlist,
support  information,  device programming or simulation file,  or any other
related documentation or information provided by  Altera  or a megafunction
partner, remains with Altera, the megafunction partner, or their respective
licensors. No other licenses, including any licenses needed under any third
party's intellectual property, are provided herein.



+-----------------------------------------------------------------------+
; Flow Summary                                                          ;
+-----------------------+-----------------------------------------------+
; Flow Status           ; Successful - Wed Oct 13 18:42:03 2004         ;
; Quartus II Version    ; 4.1 Build 208 09/10/2004 SP 2 SJ Full Version ;
; Revision Name         ; mc8051_top_                                   ;
; Top-level Entity Name ; mc8051_top                                    ;
; Family                ; Cyclone                                       ;
; Device                ; EP1C20F400C7                                  ;
; Timing Models         ; Production                                    ;
; Total logic elements  ; 3,736 / 20,060 ( 18 % )                       ;
; Total pins            ; 74 / 301 ( 24 % )                             ;
; Total memory bits     ; 197,632 / 294,912 ( 67 % )                    ;
; Total PLLs            ; 1 / 2 ( 50 % )                                ;
+-----------------------+-----------------------------------------------+


+-----------------------------------------+
; Flow Settings                           ;
+-------------------+---------------------+
; Option            ; Setting             ;
+-------------------+---------------------+
; Start date & time ; 10/13/2004 18:26:41 ;
; Main task         ; Compilation         ;
; Revision Name     ; mc8051_top_         ;
+-------------------+---------------------+


+-------------------------------------+
; Flow Elapsed Time                   ;
+----------------------+--------------+
; Module Name          ; Elapsed Time ;
+----------------------+--------------+
; Analysis & Synthesis ; 00:00:48     ;
; Fitter               ; 00:14:23     ;
; Assembler            ; 00:00:07     ;
; Timing Analyzer      ; 00:00:20     ;
; Total                ; 00:15:38     ;
+----------------------+--------------+


------------
; Flow Log ;
------------
quartus_map --import_settings_files=on --export_settings_files=off mc8051_top_ -c mc8051_top_
quartus_fit --import_settings_files=off --export_settings_files=off mc8051_top_ -c mc8051_top_
quartus_asm --import_settings_files=off --export_settings_files=off mc8051_top_ -c mc8051_top_
quartus_tan --import_settings_files=off --export_settings_files=off mc8051_top_ -c mc8051_top_ --timing_analysis_only



